<assembly xmlns="http://maven.apache.org/ASSEMBLY/2.0.0"
          xmlns:xsi="http://www.w3.org/2001/XMLSchema-instance"
          xsi:schemaLocation="http://maven.apache.org/ASSEMBLY/2.0.0 http://maven.apache.org/xsd/assembly-2.0.0.xsd">
    <id>tests</id>
    <formats>
        <format>jar</format>
    </formats>
    <includeBaseDirectory>false</includeBaseDirectory>
    <dependencySets>
        <dependencySet>
            <outputDirectory>/</outputDirectory>
            <useProjectArtifact>false</useProjectArtifact>
            <unpack>true</unpack>
            <scope>test</scope>
            <useTransitiveDependencies>true</useTransitiveDependencies>
            <includes>
                <include>com.github.erosb:everit-json-schema</include>
                <include>org.json:json</include>
            </includes>
        </dependencySet>
    </dependencySets>
    <fileSets>
        <fileSet>
            <directory>${project.build.testOutputDirectory}</directory>
            <outputDirectory>/</outputDirectory>
            <includes>
                <include>com/themixednuts/headless/**</include>
            </includes>
        </fileSet>
    </fileSets>
</assembly>
